Determining if the pthread_create exist failed with the following output:
Change Dir: /home/ritika/dev_ws/build/CMakeFiles/CMakeTmp

Run Build Command:"/usr/bin/make" "cmTC_7f117/fast"
/usr/bin/make -f CMakeFiles/cmTC_7f117.dir/build.make CMakeFiles/cmTC_7f117.dir/build
make[1]: Entering directory '/home/ritika/dev_ws/build/CMakeFiles/CMakeTmp'
Building C object CMakeFiles/cmTC_7f117.dir/CheckSymbolExists.c.o
/usr/bin/cc    -o CMakeFiles/cmTC_7f117.dir/CheckSymbolExists.c.o   -c /home/ritika/dev_ws/build/CMakeFiles/CMakeTmp/CheckSymbolExists.c
Linking C executable cmTC_7f117
/usr/bin/cmake -E cmake_link_script CMakeFiles/cmTC_7f117.dir/link.txt --verbose=1
/usr/bin/cc      -rdynamic CMakeFiles/cmTC_7f117.dir/CheckSymbolExists.c.o  -o cmTC_7f117 
CMakeFiles/cmTC_7f117.dir/CheckSymbolExists.c.o: In function `main':
CheckSymbolExists.c:(.text+0x1b): undefined reference to `pthread_create'
collect2: error: ld returned 1 exit status
CMakeFiles/cmTC_7f117.dir/build.make:86: recipe for target 'cmTC_7f117' failed
make[1]: *** [cmTC_7f117] Error 1
make[1]: Leaving directory '/home/ritika/dev_ws/build/CMakeFiles/CMakeTmp'
Makefile:121: recipe for target 'cmTC_7f117/fast' failed
make: *** [cmTC_7f117/fast] Error 2

File /home/ritika/dev_ws/build/CMakeFiles/CMakeTmp/CheckSymbolExists.c:
/* */
#include <pthread.h>

int main(int argc, char** argv)
{
  (void)argv;
#ifndef pthread_create
  return ((int*)(&pthread_create))[argc];
#else
  (void)argc;
  return 0;
#endif
}

Determining if the function pthread_create exists in the pthreads failed with the following output:
Change Dir: /home/ritika/dev_ws/build/CMakeFiles/CMakeTmp

Run Build Command:"/usr/bin/make" "cmTC_0b52f/fast"
/usr/bin/make -f CMakeFiles/cmTC_0b52f.dir/build.make CMakeFiles/cmTC_0b52f.dir/build
make[1]: Entering directory '/home/ritika/dev_ws/build/CMakeFiles/CMakeTmp'
Building C object CMakeFiles/cmTC_0b52f.dir/CheckFunctionExists.c.o
/usr/bin/cc   -DCHECK_FUNCTION_EXISTS=pthread_create   -o CMakeFiles/cmTC_0b52f.dir/CheckFunctionExists.c.o   -c /usr/share/cmake-3.13/Modules/CheckFunctionExists.c
Linking C executable cmTC_0b52f
/usr/bin/cmake -E cmake_link_script CMakeFiles/cmTC_0b52f.dir/link.txt --verbose=1
/usr/bin/cc  -DCHECK_FUNCTION_EXISTS=pthread_create    -rdynamic CMakeFiles/cmTC_0b52f.dir/CheckFunctionExists.c.o  -o cmTC_0b52f -lpthreads 
/usr/bin/ld: cannot find -lpthreads
collect2: error: ld returned 1 exit status
CMakeFiles/cmTC_0b52f.dir/build.make:86: recipe for target 'cmTC_0b52f' failed
make[1]: *** [cmTC_0b52f] Error 1
make[1]: Leaving directory '/home/ritika/dev_ws/build/CMakeFiles/CMakeTmp'
Makefile:121: recipe for target 'cmTC_0b52f/fast' failed
make: *** [cmTC_0b52f/fast] Error 2


